<?xml version="1.0" encoding="UTF-8"?>
<testsuite name="com.sales.app.server.service.appbasicsetup.usermanagement.PasswordAlgoTestCase" tests="5" skipped="0" failures="0" errors="0" timestamp="2016-06-16T05:22:24" hostname="05da525fbf42" time="0.646">
  <properties/>
  <testcase name="test1Save" classname="com.sales.app.server.service.appbasicsetup.usermanagement.PasswordAlgoTestCase" time="0.089"/>
  <testcase name="test2Update" classname="com.sales.app.server.service.appbasicsetup.usermanagement.PasswordAlgoTestCase" time="0.387"/>
  <testcase name="test3FindById" classname="com.sales.app.server.service.appbasicsetup.usermanagement.PasswordAlgoTestCase" time="0.011"/>
  <testcase name="test5NegativeTesting" classname="com.sales.app.server.service.appbasicsetup.usermanagement.PasswordAlgoTestCase" time="0.026"/>
  <testcase name="test6Delete" classname="com.sales.app.server.service.appbasicsetup.usermanagement.PasswordAlgoTestCase" time="0.132"/>
  <system-out><![CDATA[Thu Jun 16 05:22:24 UTC 2016|Log Manager Factory|Initialization Process started.....
Thu Jun 16 05:22:24 UTC 2016|Log Manager|Initialized with Path = [/home/applifire/workspace/salesdemo/src/main/webapp/WEB-INF/conf]
Thu Jun 16 05:22:24 UTC 2016|Alarm Manager|Initialized with Path = [/home/applifire/workspace/salesdemo/src/main/webapp/WEB-INF/conf]
Thu Jun 16 05:22:24 UTC 2016|Alarm Manager|Loading Alarms ......
Thu Jun 16 05:22:24 UTC 2016|Alarm XML Parser|FWA|XML Parsing Complete........ 
Thu Jun 16 05:22:24 UTC 2016|Alarm File Manager|FWA|Alarm File Status.. [ApplicationFrameworkAlarms.xml]|Version=15|Status=Done 
Thu Jun 16 05:22:24 UTC 2016|Alarm File Manager|FWA|Alarm Stats = ( BC/AL=4/676 SYS=4/10 [676/0]  TPL=0/0 [0/0]  APP= A.Map=[759]  E.Map EC/RC=[322/67] )
Thu Jun 16 05:22:24 UTC 2016|Alarm XML Parser|APP|XML Parsing Complete........ 
Thu Jun 16 05:22:24 UTC 2016|Alarm File Manager|APP|Alarm File Status.. [ApplicationAlarms.xml]|Version=1|Status=Done 
Thu Jun 16 05:22:24 UTC 2016|Alarm File Manager|APP|Alarm Stats = ( BC/AL=7/1174 SYS=4/10 [676/0]  TPL=0/0 [0/0]  APP=3/6 [498/0]  A.Map=[1021]  E.Map EC/RC=[412/89] )
Thu Jun 16 05:22:24 UTC 2016|ApplicationAlarmContext| <><><><><> Create App Alarms ....  <><><><><> 
Thu Jun 16 05:22:24 UTC 2016|ApplicationAlarmContext|Alarms are generated ONLY in Development Mode.. 
Thu Jun 16 05:22:24 UTC 2016|Alarm Manager|APP|Alarm Stats = ( BC/AL=7/1174 SYS=4/10 [676/0]  TPL=0/0 [0/0]  APP=3/6 [498/0]  A.Map=[1021]  E.Map EC/RC=[412/89] )
Thu Jun 16 05:22:24 UTC 2016|Alarm Manager|Initialized Exception Lookup...
Thu Jun 16 05:22:24 UTC 2016|Log Manager|Initialize Log Config File ......
Thu Jun 16 05:22:24 UTC 2016|Pluggable Connectors|Adding Connectors : StandardOutputConnector isEnabled=true isDefault=false isFallBack=true
Thu Jun 16 05:22:24 UTC 2016|Pluggable Connectors|Adding Connectors : StandardFileConnector isEnabled=true isDefault=false isFallBack=false
Thu Jun 16 05:22:24 UTC 2016|Pluggable Connectors|Adding Connectors : Sprinkler isEnabled=true isDefault=true isFallBack=false
Thu Jun 16 05:22:24 UTC 2016|Pluggable Connectors|Default Connector Name : com.spartan.logger.core.LogMessenger
Thu Jun 16 05:22:24 UTC 2016|Log Config Parser|Connector Least Log Level =[4]  FallBack Log Level =[3]
Thu Jun 16 05:22:24 UTC 2016|Log Manager|Loading Default Connector for Logging ......
Thu Jun 16 05:22:24 UTC 2016|Log Manager|Loading class .. com.spartan.logger.core.LogMessenger
Thu Jun 16 05:22:24 UTC 2016|Plugggable Connector|Connector class com.spartan.logger.core.LogMessenger Initialized... @ Log Level = 3
Thu Jun 16 05:22:24 UTC 2016|Log Manager|Starting the Default Connector [com.spartan.logger.core.LogMessenger@27267641] ....
Thu Jun 16 05:22:24 UTC 2016|Scheduler|Starting the Scheduler ......
Thu Jun 16 05:22:24 UTC 2016|Scheduler|Adding [LMID=[96027fc7-c163-4d43-935a-70aaabfd668d]] Delay=5 Time Unit=MINUTES
Thu Jun 16 05:22:24 UTC 2016|Scheduler|Adding [App Alarm Manager File=[ApplicationAlarms.xml]] Delay=30 Time Unit=MINUTES
Thu Jun 16 05:22:24 UTC 2016|Scheduler|Adding [FW Alarm Manager File=[ApplicationFrameworkAlarms.xml]] Delay=3 Time Unit=MINUTES
Thu Jun 16 05:22:24 UTC 2016|Scheduler|Startup Completed..
Thu Jun 16 05:22:24 UTC 2016|Log Manager|Initialization Process Complete ......
Thu Jun 16 05:22:24 UTC 2016|Log Manager Factory|Log Manager READY! ID = 96027fc7-c163-4d43-935a-70aaabfd668d
Setting logged in user info for ADD
[EL Finer]: connection: 2016-06-16 05:22:24.579--ServerSession(166674373)--Thread(Thread[Test worker,5,main])--client acquired: 742080226
[EL Finer]: transaction: 2016-06-16 05:22:24.579--ClientSession(742080226)--Thread(Thread[Test worker,5,main])--acquire unit of work: 1704820253
[EL Finest]: connection: 2016-06-16 05:22:24.579--ServerSession(166674373)--Connection(1187173897)--Thread(Thread[Test worker,5,main])--Connection acquired from connection pool [default].
[EL Finer]: transaction: 2016-06-16 05:22:24.58--ClientSession(742080226)--Connection(1187173897)--Thread(Thread[Test worker,5,main])--begin transaction
[EL Finest]: connection: 2016-06-16 05:22:24.58--ClientSession(742080226)--Thread(Thread[Test worker,5,main])--reconnecting to external connection pool
[EL Finest]: transaction: 2016-06-16 05:22:24.581--UnitOfWork(1704820253)--Thread(Thread[Test worker,5,main])--persist() operation called on: QOwe3pmaOcgnhJhUjsFB6lvz1wmMt4juZlaOFEEgc98oRqwru9.
[EL Finest]: sequencing: 2016-06-16 05:22:24.581--UnitOfWork(1704820253)--Thread(Thread[Test worker,5,main])--assign sequence to the object (B237022F-E788-496D-837C-7B43F6245BA3 -> QOwe3pmaOcgnhJhUjsFB6lvz1wmMt4juZlaOFEEgc98oRqwru9)
[EL Finer]: transaction: 2016-06-16 05:22:24.582--UnitOfWork(1704820253)--Thread(Thread[Test worker,5,main])--begin unit of work commit
[EL Finest]: query: 2016-06-16 05:22:24.582--UnitOfWork(1704820253)--Thread(Thread[Test worker,5,main])--Execute query InsertObjectQuery(QOwe3pmaOcgnhJhUjsFB6lvz1wmMt4juZlaOFEEgc98oRqwru9)
[EL Fine]: sql: 2016-06-16 05:22:24.583--ClientSession(742080226)--Connection(928849231)--Thread(Thread[Test worker,5,main])--INSERT INTO ast_PasswordAlgo_M (algoId, algoDescription, algoHelp, algoIcon, algoName, algorithm, versionId, createdBy, createdDate, updatedBy, updatedDate, activeStatus, txnAccessCode) VALUES (?, ?, ?, ?, ?, ?, ?, ?, ?, ?, ?, ?, ?)
	bind => [B237022F-E788-496D-837C-7B43F6245BA3, HIIM25xuSLghkUqNL3gq8u4V9V7N9mTjgucRZpNKMSYKSpSSnK, 4kxKUacLSYN761sqzvYc9e4ZZlgsiqNtHgXLLUZaBaldacmudF, zg7sRxqlSjlu4w1We3Miby9oXK4y99PlhAfSjRj4NE0Ye55jVG, QOwe3pmaOcgnhJhUjsFB6lvz1wmMt4juZlaOFEEgc98oRqwru9, 1, 1, AAAAA, 2016-06-16 05:22:24.575, AAAAA, 2016-06-16 05:22:24.575, 1, 51000]
[EL Finer]: transaction: 2016-06-16 05:22:24.584--ClientSession(742080226)--Connection(928849231)--Thread(Thread[Test worker,5,main])--commit transaction
[EL Finest]: connection: 2016-06-16 05:22:24.637--ServerSession(166674373)--Connection(1187173897)--Thread(Thread[Test worker,5,main])--Connection released to connection pool [default].
[EL Finer]: transaction: 2016-06-16 05:22:24.638--UnitOfWork(1704820253)--Thread(Thread[Test worker,5,main])--end unit of work commit
[EL Finer]: transaction: 2016-06-16 05:22:24.638--UnitOfWork(1704820253)--Thread(Thread[Test worker,5,main])--resume unit of work
[EL Finer]: transaction: 2016-06-16 05:22:24.639--UnitOfWork(1704820253)--Thread(Thread[Test worker,5,main])--release unit of work
[EL Finer]: connection: 2016-06-16 05:22:24.64--ClientSession(742080226)--Thread(Thread[Test worker,5,main])--client released
[EL Finer]: connection: 2016-06-16 05:22:24.647--ServerSession(166674373)--Thread(Thread[Test worker,5,main])--client acquired: 1322422060
[EL Finer]: transaction: 2016-06-16 05:22:24.648--ClientSession(1322422060)--Thread(Thread[Test worker,5,main])--acquire unit of work: 1639299617
[EL Finest]: connection: 2016-06-16 05:22:24.648--ServerSession(166674373)--Connection(1640955556)--Thread(Thread[Test worker,5,main])--Connection acquired from connection pool [default].
[EL Finer]: transaction: 2016-06-16 05:22:24.648--ClientSession(1322422060)--Connection(1640955556)--Thread(Thread[Test worker,5,main])--begin transaction
[EL Finest]: connection: 2016-06-16 05:22:24.648--ClientSession(1322422060)--Thread(Thread[Test worker,5,main])--reconnecting to external connection pool
[EL Finer]: transaction: 2016-06-16 05:22:24.651--UnitOfWork(1639299617)--Thread(Thread[Test worker,5,main])--begin unit of work flush
[EL Finer]: transaction: 2016-06-16 05:22:24.651--UnitOfWork(1639299617)--Thread(Thread[Test worker,5,main])--end unit of work flush
[EL Finest]: query: 2016-06-16 05:22:24.651--UnitOfWork(1639299617)--Thread(Thread[Test worker,5,main])--Execute query ReadAllQuery(name="PasswordAlgo.findById" referenceClass=PasswordAlgo sql="SELECT algoId, algoDescription, algoHelp, algoIcon, algoName, algorithm, versionId, createdBy, createdDate, updatedBy, updatedDate, activeStatus, txnAccessCode FROM ast_PasswordAlgo_M WHERE ((activeStatus = ?) AND (algoId = ?))")
[EL Fine]: sql: 2016-06-16 05:22:24.652--ClientSession(1322422060)--Connection(1336321633)--Thread(Thread[Test worker,5,main])--SELECT algoId, algoDescription, algoHelp, algoIcon, algoName, algorithm, versionId, createdBy, createdDate, updatedBy, updatedDate, activeStatus, txnAccessCode FROM ast_PasswordAlgo_M WHERE ((activeStatus = ?) AND (algoId = ?))
	bind => [1, B237022F-E788-496D-837C-7B43F6245BA3]
[EL Finer]: transaction: 2016-06-16 05:22:24.653--UnitOfWork(1639299617)--Thread(Thread[Test worker,5,main])--begin unit of work commit
[EL Finer]: transaction: 2016-06-16 05:22:24.654--ClientSession(1322422060)--Connection(1336321633)--Thread(Thread[Test worker,5,main])--commit transaction
[EL Finest]: connection: 2016-06-16 05:22:24.654--ServerSession(166674373)--Connection(1640955556)--Thread(Thread[Test worker,5,main])--Connection released to connection pool [default].
[EL Finer]: transaction: 2016-06-16 05:22:24.655--UnitOfWork(1639299617)--Thread(Thread[Test worker,5,main])--end unit of work commit
[EL Finer]: transaction: 2016-06-16 05:22:24.655--UnitOfWork(1639299617)--Thread(Thread[Test worker,5,main])--resume unit of work
[EL Finer]: transaction: 2016-06-16 05:22:24.655--UnitOfWork(1639299617)--Thread(Thread[Test worker,5,main])--release unit of work
[EL Finer]: connection: 2016-06-16 05:22:24.655--ClientSession(1322422060)--Thread(Thread[Test worker,5,main])--client released
Setting logged in user info for UPDATE
[EL Finer]: connection: 2016-06-16 05:22:24.656--ServerSession(166674373)--Thread(Thread[Test worker,5,main])--client acquired: 122719758
[EL Finer]: transaction: 2016-06-16 05:22:24.656--ClientSession(122719758)--Thread(Thread[Test worker,5,main])--acquire unit of work: 966671586
[EL Finest]: connection: 2016-06-16 05:22:24.657--ServerSession(166674373)--Connection(1135556347)--Thread(Thread[Test worker,5,main])--Connection acquired from connection pool [default].
[EL Finer]: transaction: 2016-06-16 05:22:24.657--ClientSession(122719758)--Connection(1135556347)--Thread(Thread[Test worker,5,main])--begin transaction
[EL Finest]: connection: 2016-06-16 05:22:24.657--ClientSession(122719758)--Thread(Thread[Test worker,5,main])--reconnecting to external connection pool
[EL Finest]: transaction: 2016-06-16 05:22:24.664--UnitOfWork(966671586)--Thread(Thread[Test worker,5,main])--Merge clone with references 5Y6IeFx3MzKM7JLQ5mfnKUEi1sAd1CU795zbQmn5k9jaXSsn5q
[EL Finest]: query: 2016-06-16 05:22:24.664--UnitOfWork(966671586)--Thread(Thread[Test worker,5,main])--Execute query ReadObjectQuery(referenceClass=PasswordAlgo )
[EL Fine]: sql: 2016-06-16 05:22:24.665--ClientSession(122719758)--Connection(860943548)--Thread(Thread[Test worker,5,main])--SELECT algoId, algoDescription, algoHelp, algoIcon, algoName, algorithm, versionId, createdBy, createdDate, updatedBy, updatedDate, activeStatus, txnAccessCode FROM ast_PasswordAlgo_M WHERE (algoId = ?)
	bind => [B237022F-E788-496D-837C-7B43F6245BA3]
[EL Finer]: transaction: 2016-06-16 05:22:24.669--UnitOfWork(966671586)--Thread(Thread[Test worker,5,main])--begin unit of work commit
[EL Finest]: query: 2016-06-16 05:22:24.67--UnitOfWork(966671586)--Thread(Thread[Test worker,5,main])--Execute query UpdateObjectQuery(5Y6IeFx3MzKM7JLQ5mfnKUEi1sAd1CU795zbQmn5k9jaXSsn5q)
[EL Fine]: sql: 2016-06-16 05:22:24.671--ClientSession(122719758)--Connection(860943548)--Thread(Thread[Test worker,5,main])--UPDATE ast_PasswordAlgo_M SET algoDescription = ?, algoHelp = ?, algoIcon = ?, algoName = ?, versionId = ? WHERE ((algoId = ?) AND (versionId = ?))
	bind => [b7avD0mYazyxJJroeUw1eUXZbqNJYw0jG8iebTPuLXJEoAUgOC, r0Y6WFDcXmj0IR688hb4r2dqAOfXalvoyPU6W5w1frbuaUOPMG, 2pY9PPfZqk41EhX4U1FgOo7L6aFG9gj5ZKFEqW3ziBLOouULYw, 5Y6IeFx3MzKM7JLQ5mfnKUEi1sAd1CU795zbQmn5k9jaXSsn5q, 2, B237022F-E788-496D-837C-7B43F6245BA3, 1]
[EL Finer]: transaction: 2016-06-16 05:22:24.672--ClientSession(122719758)--Connection(860943548)--Thread(Thread[Test worker,5,main])--commit transaction
[EL Finest]: connection: 2016-06-16 05:22:25.027--ServerSession(166674373)--Connection(1135556347)--Thread(Thread[Test worker,5,main])--Connection released to connection pool [default].
[EL Finer]: transaction: 2016-06-16 05:22:25.027--UnitOfWork(966671586)--Thread(Thread[Test worker,5,main])--end unit of work commit
[EL Finer]: transaction: 2016-06-16 05:22:25.027--UnitOfWork(966671586)--Thread(Thread[Test worker,5,main])--resume unit of work
[EL Finer]: transaction: 2016-06-16 05:22:25.027--UnitOfWork(966671586)--Thread(Thread[Test worker,5,main])--release unit of work
[EL Finer]: connection: 2016-06-16 05:22:25.027--ClientSession(122719758)--Thread(Thread[Test worker,5,main])--client released
[EL Finer]: connection: 2016-06-16 05:22:25.033--ServerSession(166674373)--Thread(Thread[Test worker,5,main])--client acquired: 2080733435
[EL Finer]: transaction: 2016-06-16 05:22:25.034--ClientSession(2080733435)--Thread(Thread[Test worker,5,main])--acquire unit of work: 1263134297
[EL Finest]: connection: 2016-06-16 05:22:25.034--ServerSession(166674373)--Connection(1622279084)--Thread(Thread[Test worker,5,main])--Connection acquired from connection pool [default].
[EL Finer]: transaction: 2016-06-16 05:22:25.034--ClientSession(2080733435)--Connection(1622279084)--Thread(Thread[Test worker,5,main])--begin transaction
[EL Finest]: connection: 2016-06-16 05:22:25.034--ClientSession(2080733435)--Thread(Thread[Test worker,5,main])--reconnecting to external connection pool
[EL Finer]: transaction: 2016-06-16 05:22:25.035--UnitOfWork(1263134297)--Thread(Thread[Test worker,5,main])--begin unit of work flush
[EL Finer]: transaction: 2016-06-16 05:22:25.035--UnitOfWork(1263134297)--Thread(Thread[Test worker,5,main])--end unit of work flush
[EL Finest]: query: 2016-06-16 05:22:25.035--UnitOfWork(1263134297)--Thread(Thread[Test worker,5,main])--Execute query ReadAllQuery(name="PasswordAlgo.findById" referenceClass=PasswordAlgo sql="SELECT algoId, algoDescription, algoHelp, algoIcon, algoName, algorithm, versionId, createdBy, createdDate, updatedBy, updatedDate, activeStatus, txnAccessCode FROM ast_PasswordAlgo_M WHERE ((activeStatus = ?) AND (algoId = ?))")
[EL Fine]: sql: 2016-06-16 05:22:25.035--ClientSession(2080733435)--Connection(1918245067)--Thread(Thread[Test worker,5,main])--SELECT algoId, algoDescription, algoHelp, algoIcon, algoName, algorithm, versionId, createdBy, createdDate, updatedBy, updatedDate, activeStatus, txnAccessCode FROM ast_PasswordAlgo_M WHERE ((activeStatus = ?) AND (algoId = ?))
	bind => [1, B237022F-E788-496D-837C-7B43F6245BA3]
[EL Finer]: transaction: 2016-06-16 05:22:25.037--UnitOfWork(1263134297)--Thread(Thread[Test worker,5,main])--begin unit of work commit
[EL Finer]: transaction: 2016-06-16 05:22:25.038--ClientSession(2080733435)--Connection(1918245067)--Thread(Thread[Test worker,5,main])--commit transaction
[EL Finest]: connection: 2016-06-16 05:22:25.038--ServerSession(166674373)--Connection(1622279084)--Thread(Thread[Test worker,5,main])--Connection released to connection pool [default].
[EL Finer]: transaction: 2016-06-16 05:22:25.038--UnitOfWork(1263134297)--Thread(Thread[Test worker,5,main])--end unit of work commit
[EL Finer]: transaction: 2016-06-16 05:22:25.038--UnitOfWork(1263134297)--Thread(Thread[Test worker,5,main])--resume unit of work
[EL Finer]: transaction: 2016-06-16 05:22:25.038--UnitOfWork(1263134297)--Thread(Thread[Test worker,5,main])--release unit of work
[EL Finer]: connection: 2016-06-16 05:22:25.039--ClientSession(2080733435)--Thread(Thread[Test worker,5,main])--client released
[EL Finer]: connection: 2016-06-16 05:22:25.071--ServerSession(166674373)--Thread(Thread[Test worker,5,main])--client acquired: 2109707086
[EL Finer]: transaction: 2016-06-16 05:22:25.071--ClientSession(2109707086)--Thread(Thread[Test worker,5,main])--acquire unit of work: 744498785
[EL Finest]: connection: 2016-06-16 05:22:25.071--ServerSession(166674373)--Connection(1551352073)--Thread(Thread[Test worker,5,main])--Connection acquired from connection pool [default].
[EL Finer]: transaction: 2016-06-16 05:22:25.071--ClientSession(2109707086)--Connection(1551352073)--Thread(Thread[Test worker,5,main])--begin transaction
[EL Finest]: connection: 2016-06-16 05:22:25.071--ClientSession(2109707086)--Thread(Thread[Test worker,5,main])--reconnecting to external connection pool
[EL Finest]: query: 2016-06-16 05:22:25.072--UnitOfWork(744498785)--Thread(Thread[Test worker,5,main])--Execute query ReadObjectQuery(name="readPasswordAlgo" referenceClass=PasswordAlgo sql="SELECT algoId, algoDescription, algoHelp, algoIcon, algoName, algorithm, versionId, createdBy, createdDate, updatedBy, updatedDate, activeStatus, txnAccessCode FROM ast_PasswordAlgo_M WHERE (algoId = ?)")
[EL Fine]: sql: 2016-06-16 05:22:25.073--ClientSession(2109707086)--Connection(673742437)--Thread(Thread[Test worker,5,main])--SELECT algoId, algoDescription, algoHelp, algoIcon, algoName, algorithm, versionId, createdBy, createdDate, updatedBy, updatedDate, activeStatus, txnAccessCode FROM ast_PasswordAlgo_M WHERE (algoId = ?)
	bind => [B237022F-E788-496D-837C-7B43F6245BA3]
[EL Finest]: transaction: 2016-06-16 05:22:25.074--UnitOfWork(744498785)--Thread(Thread[Test worker,5,main])--remove() operation called on: 5Y6IeFx3MzKM7JLQ5mfnKUEi1sAd1CU795zbQmn5k9jaXSsn5q
[EL Finer]: transaction: 2016-06-16 05:22:25.074--UnitOfWork(744498785)--Thread(Thread[Test worker,5,main])--begin unit of work commit
[EL Finest]: query: 2016-06-16 05:22:25.074--UnitOfWork(744498785)--Thread(Thread[Test worker,5,main])--Execute query DoesExistQuery(referenceClass=PasswordAlgo )
[EL Finest]: query: 2016-06-16 05:22:25.075--UnitOfWork(744498785)--Thread(Thread[Test worker,5,main])--Execute query DeleteObjectQuery(5Y6IeFx3MzKM7JLQ5mfnKUEi1sAd1CU795zbQmn5k9jaXSsn5q)
[EL Fine]: sql: 2016-06-16 05:22:25.075--ClientSession(2109707086)--Connection(673742437)--Thread(Thread[Test worker,5,main])--DELETE FROM ast_PasswordAlgo_M WHERE ((algoId = ?) AND (versionId = ?))
	bind => [B237022F-E788-496D-837C-7B43F6245BA3, 2]
[EL Finer]: transaction: 2016-06-16 05:22:25.172--ClientSession(2109707086)--Connection(673742437)--Thread(Thread[Test worker,5,main])--commit transaction
[EL Finest]: connection: 2016-06-16 05:22:25.196--ServerSession(166674373)--Connection(1551352073)--Thread(Thread[Test worker,5,main])--Connection released to connection pool [default].
[EL Finer]: transaction: 2016-06-16 05:22:25.197--UnitOfWork(744498785)--Thread(Thread[Test worker,5,main])--end unit of work commit
[EL Finer]: transaction: 2016-06-16 05:22:25.197--UnitOfWork(744498785)--Thread(Thread[Test worker,5,main])--resume unit of work
[EL Finer]: transaction: 2016-06-16 05:22:25.197--UnitOfWork(744498785)--Thread(Thread[Test worker,5,main])--release unit of work
[EL Finer]: connection: 2016-06-16 05:22:25.197--ClientSession(2109707086)--Thread(Thread[Test worker,5,main])--client released
]]></system-out>
  <system-err><![CDATA[PasswordAlgo.algorithm may not be null
java.lang.SecurityException: PasswordAlgo.algorithm may not be null
	at com.athena.server.pluggable.utils.helper.EntityValidatorHelper.validateEntity(EntityValidatorHelper.java:37)
	at com.sales.app.shared.appbasicsetup.usermanagement.PasswordAlgo.isValid(PasswordAlgo.java:196)
	at com.sales.app.server.service.appbasicsetup.usermanagement.PasswordAlgoTestCase.validatePasswordAlgo(PasswordAlgoTestCase.java:185)
	at com.sales.app.server.service.appbasicsetup.usermanagement.PasswordAlgoTestCase.test5NegativeTesting(PasswordAlgoTestCase.java:221)
	at sun.reflect.NativeMethodAccessorImpl.invoke0(Native Method)
	at sun.reflect.NativeMethodAccessorImpl.invoke(NativeMethodAccessorImpl.java:57)
	at sun.reflect.DelegatingMethodAccessorImpl.invoke(DelegatingMethodAccessorImpl.java:43)
	at java.lang.reflect.Method.invoke(Method.java:606)
	at org.junit.runners.model.FrameworkMethod$1.runReflectiveCall(FrameworkMethod.java:47)
	at org.junit.internal.runners.model.ReflectiveCallable.run(ReflectiveCallable.java:12)
	at org.junit.runners.model.FrameworkMethod.invokeExplosively(FrameworkMethod.java:44)
	at org.junit.internal.runners.statements.InvokeMethod.evaluate(InvokeMethod.java:17)
	at org.junit.internal.runners.statements.RunBefores.evaluate(RunBefores.java:26)
	at org.springframework.test.context.junit4.statements.RunBeforeTestMethodCallbacks.evaluate(RunBeforeTestMethodCallbacks.java:74)
	at org.junit.internal.runners.statements.RunAfters.evaluate(RunAfters.java:27)
	at org.springframework.test.context.junit4.statements.RunAfterTestMethodCallbacks.evaluate(RunAfterTestMethodCallbacks.java:83)
	at org.springframework.test.context.junit4.statements.SpringRepeat.evaluate(SpringRepeat.java:72)
	at org.springframework.test.context.junit4.SpringJUnit4ClassRunner.runChild(SpringJUnit4ClassRunner.java:233)
	at org.springframework.test.context.junit4.SpringJUnit4ClassRunner.runChild(SpringJUnit4ClassRunner.java:87)
	at org.junit.runners.ParentRunner$3.run(ParentRunner.java:238)
	at org.junit.runners.ParentRunner$1.schedule(ParentRunner.java:63)
	at org.junit.runners.ParentRunner.runChildren(ParentRunner.java:236)
	at org.junit.runners.ParentRunner.access$000(ParentRunner.java:53)
	at org.junit.runners.ParentRunner$2.evaluate(ParentRunner.java:229)
	at org.junit.internal.runners.statements.RunBefores.evaluate(RunBefores.java:26)
	at org.springframework.test.context.junit4.statements.RunBeforeTestClassCallbacks.evaluate(RunBeforeTestClassCallbacks.java:61)
	at org.springframework.test.context.junit4.statements.RunAfterTestClassCallbacks.evaluate(RunAfterTestClassCallbacks.java:71)
	at org.junit.runners.ParentRunner.run(ParentRunner.java:309)
	at org.springframework.test.context.junit4.SpringJUnit4ClassRunner.run(SpringJUnit4ClassRunner.java:176)
	at org.gradle.api.internal.tasks.testing.junit.JUnitTestClassExecuter.runTestClass(JUnitTestClassExecuter.java:86)
	at org.gradle.api.internal.tasks.testing.junit.JUnitTestClassExecuter.execute(JUnitTestClassExecuter.java:49)
	at org.gradle.api.internal.tasks.testing.junit.JUnitTestClassProcessor.processTestClass(JUnitTestClassProcessor.java:64)
	at org.gradle.api.internal.tasks.testing.SuiteTestClassProcessor.processTestClass(SuiteTestClassProcessor.java:50)
	at sun.reflect.NativeMethodAccessorImpl.invoke0(Native Method)
	at sun.reflect.NativeMethodAccessorImpl.invoke(NativeMethodAccessorImpl.java:57)
	at sun.reflect.DelegatingMethodAccessorImpl.invoke(DelegatingMethodAccessorImpl.java:43)
	at java.lang.reflect.Method.invoke(Method.java:606)
	at org.gradle.messaging.dispatch.ReflectionDispatch.dispatch(ReflectionDispatch.java:35)
	at org.gradle.messaging.dispatch.ReflectionDispatch.dispatch(ReflectionDispatch.java:24)
	at org.gradle.messaging.dispatch.ContextClassLoaderDispatch.dispatch(ContextClassLoaderDispatch.java:32)
	at org.gradle.messaging.dispatch.ProxyDispatchAdapter$DispatchingInvocationHandler.invoke(ProxyDispatchAdapter.java:93)
	at com.sun.proxy.$Proxy2.processTestClass(Unknown Source)
	at org.gradle.api.internal.tasks.testing.worker.TestWorker.processTestClass(TestWorker.java:106)
	at sun.reflect.NativeMethodAccessorImpl.invoke0(Native Method)
	at sun.reflect.NativeMethodAccessorImpl.invoke(NativeMethodAccessorImpl.java:57)
	at sun.reflect.DelegatingMethodAccessorImpl.invoke(DelegatingMethodAccessorImpl.java:43)
	at java.lang.reflect.Method.invoke(Method.java:606)
	at org.gradle.messaging.dispatch.ReflectionDispatch.dispatch(ReflectionDispatch.java:35)
	at org.gradle.messaging.dispatch.ReflectionDispatch.dispatch(ReflectionDispatch.java:24)
	at org.gradle.messaging.remote.internal.hub.MessageHub$Handler.run(MessageHub.java:360)
	at org.gradle.internal.concurrent.DefaultExecutorFactory$StoppableExecutorImpl$1.run(DefaultExecutorFactory.java:64)
	at java.util.concurrent.ThreadPoolExecutor.runWorker(ThreadPoolExecutor.java:1145)
	at java.util.concurrent.ThreadPoolExecutor$Worker.run(ThreadPoolExecutor.java:615)
	at java.lang.Thread.run(Thread.java:745)
PasswordAlgo.algorithm must be less than or equal to 11
java.lang.SecurityException: PasswordAlgo.algorithm must be less than or equal to 11
	at com.athena.server.pluggable.utils.helper.EntityValidatorHelper.validateEntity(EntityValidatorHelper.java:37)
	at com.sales.app.shared.appbasicsetup.usermanagement.PasswordAlgo.isValid(PasswordAlgo.java:196)
	at com.sales.app.server.service.appbasicsetup.usermanagement.PasswordAlgoTestCase.validatePasswordAlgo(PasswordAlgoTestCase.java:183)
	at com.sales.app.server.service.appbasicsetup.usermanagement.PasswordAlgoTestCase.test5NegativeTesting(PasswordAlgoTestCase.java:226)
	at sun.reflect.NativeMethodAccessorImpl.invoke0(Native Method)
	at sun.reflect.NativeMethodAccessorImpl.invoke(NativeMethodAccessorImpl.java:57)
	at sun.reflect.DelegatingMethodAccessorImpl.invoke(DelegatingMethodAccessorImpl.java:43)
	at java.lang.reflect.Method.invoke(Method.java:606)
	at org.junit.runners.model.FrameworkMethod$1.runReflectiveCall(FrameworkMethod.java:47)
	at org.junit.internal.runners.model.ReflectiveCallable.run(ReflectiveCallable.java:12)
	at org.junit.runners.model.FrameworkMethod.invokeExplosively(FrameworkMethod.java:44)
	at org.junit.internal.runners.statements.InvokeMethod.evaluate(InvokeMethod.java:17)
	at org.junit.internal.runners.statements.RunBefores.evaluate(RunBefores.java:26)
	at org.springframework.test.context.junit4.statements.RunBeforeTestMethodCallbacks.evaluate(RunBeforeTestMethodCallbacks.java:74)
	at org.junit.internal.runners.statements.RunAfters.evaluate(RunAfters.java:27)
	at org.springframework.test.context.junit4.statements.RunAfterTestMethodCallbacks.evaluate(RunAfterTestMethodCallbacks.java:83)
	at org.springframework.test.context.junit4.statements.SpringRepeat.evaluate(SpringRepeat.java:72)
	at org.springframework.test.context.junit4.SpringJUnit4ClassRunner.runChild(SpringJUnit4ClassRunner.java:233)
	at org.springframework.test.context.junit4.SpringJUnit4ClassRunner.runChild(SpringJUnit4ClassRunner.java:87)
	at org.junit.runners.ParentRunner$3.run(ParentRunner.java:238)
	at org.junit.runners.ParentRunner$1.schedule(ParentRunner.java:63)
	at org.junit.runners.ParentRunner.runChildren(ParentRunner.java:236)
	at org.junit.runners.ParentRunner.access$000(ParentRunner.java:53)
	at org.junit.runners.ParentRunner$2.evaluate(ParentRunner.java:229)
	at org.junit.internal.runners.statements.RunBefores.evaluate(RunBefores.java:26)
	at org.springframework.test.context.junit4.statements.RunBeforeTestClassCallbacks.evaluate(RunBeforeTestClassCallbacks.java:61)
	at org.springframework.test.context.junit4.statements.RunAfterTestClassCallbacks.evaluate(RunAfterTestClassCallbacks.java:71)
	at org.junit.runners.ParentRunner.run(ParentRunner.java:309)
	at org.springframework.test.context.junit4.SpringJUnit4ClassRunner.run(SpringJUnit4ClassRunner.java:176)
	at org.gradle.api.internal.tasks.testing.junit.JUnitTestClassExecuter.runTestClass(JUnitTestClassExecuter.java:86)
	at org.gradle.api.internal.tasks.testing.junit.JUnitTestClassExecuter.execute(JUnitTestClassExecuter.java:49)
	at org.gradle.api.internal.tasks.testing.junit.JUnitTestClassProcessor.processTestClass(JUnitTestClassProcessor.java:64)
	at org.gradle.api.internal.tasks.testing.SuiteTestClassProcessor.processTestClass(SuiteTestClassProcessor.java:50)
	at sun.reflect.NativeMethodAccessorImpl.invoke0(Native Method)
	at sun.reflect.NativeMethodAccessorImpl.invoke(NativeMethodAccessorImpl.java:57)
	at sun.reflect.DelegatingMethodAccessorImpl.invoke(DelegatingMethodAccessorImpl.java:43)
	at java.lang.reflect.Method.invoke(Method.java:606)
	at org.gradle.messaging.dispatch.ReflectionDispatch.dispatch(ReflectionDispatch.java:35)
	at org.gradle.messaging.dispatch.ReflectionDispatch.dispatch(ReflectionDispatch.java:24)
	at org.gradle.messaging.dispatch.ContextClassLoaderDispatch.dispatch(ContextClassLoaderDispatch.java:32)
	at org.gradle.messaging.dispatch.ProxyDispatchAdapter$DispatchingInvocationHandler.invoke(ProxyDispatchAdapter.java:93)
	at com.sun.proxy.$Proxy2.processTestClass(Unknown Source)
	at org.gradle.api.internal.tasks.testing.worker.TestWorker.processTestClass(TestWorker.java:106)
	at sun.reflect.NativeMethodAccessorImpl.invoke0(Native Method)
	at sun.reflect.NativeMethodAccessorImpl.invoke(NativeMethodAccessorImpl.java:57)
	at sun.reflect.DelegatingMethodAccessorImpl.invoke(DelegatingMethodAccessorImpl.java:43)
	at java.lang.reflect.Method.invoke(Method.java:606)
	at org.gradle.messaging.dispatch.ReflectionDispatch.dispatch(ReflectionDispatch.java:35)
	at org.gradle.messaging.dispatch.ReflectionDispatch.dispatch(ReflectionDispatch.java:24)
	at org.gradle.messaging.remote.internal.hub.MessageHub$Handler.run(MessageHub.java:360)
	at org.gradle.internal.concurrent.DefaultExecutorFactory$StoppableExecutorImpl$1.run(DefaultExecutorFactory.java:64)
	at java.util.concurrent.ThreadPoolExecutor.runWorker(ThreadPoolExecutor.java:1145)
	at java.util.concurrent.ThreadPoolExecutor$Worker.run(ThreadPoolExecutor.java:615)
	at java.lang.Thread.run(Thread.java:745)
PasswordAlgo.algoName may not be null
java.lang.SecurityException: PasswordAlgo.algoName may not be null
	at com.athena.server.pluggable.utils.helper.EntityValidatorHelper.validateEntity(EntityValidatorHelper.java:37)
	at com.sales.app.shared.appbasicsetup.usermanagement.PasswordAlgo.isValid(PasswordAlgo.java:196)
	at com.sales.app.server.service.appbasicsetup.usermanagement.PasswordAlgoTestCase.validatePasswordAlgo(PasswordAlgoTestCase.java:185)
	at com.sales.app.server.service.appbasicsetup.usermanagement.PasswordAlgoTestCase.test5NegativeTesting(PasswordAlgoTestCase.java:232)
	at sun.reflect.NativeMethodAccessorImpl.invoke0(Native Method)
	at sun.reflect.NativeMethodAccessorImpl.invoke(NativeMethodAccessorImpl.java:57)
	at sun.reflect.DelegatingMethodAccessorImpl.invoke(DelegatingMethodAccessorImpl.java:43)
	at java.lang.reflect.Method.invoke(Method.java:606)
	at org.junit.runners.model.FrameworkMethod$1.runReflectiveCall(FrameworkMethod.java:47)
	at org.junit.internal.runners.model.ReflectiveCallable.run(ReflectiveCallable.java:12)
	at org.junit.runners.model.FrameworkMethod.invokeExplosively(FrameworkMethod.java:44)
	at org.junit.internal.runners.statements.InvokeMethod.evaluate(InvokeMethod.java:17)
	at org.junit.internal.runners.statements.RunBefores.evaluate(RunBefores.java:26)
	at org.springframework.test.context.junit4.statements.RunBeforeTestMethodCallbacks.evaluate(RunBeforeTestMethodCallbacks.java:74)
	at org.junit.internal.runners.statements.RunAfters.evaluate(RunAfters.java:27)
	at org.springframework.test.context.junit4.statements.RunAfterTestMethodCallbacks.evaluate(RunAfterTestMethodCallbacks.java:83)
	at org.springframework.test.context.junit4.statements.SpringRepeat.evaluate(SpringRepeat.java:72)
	at org.springframework.test.context.junit4.SpringJUnit4ClassRunner.runChild(SpringJUnit4ClassRunner.java:233)
	at org.springframework.test.context.junit4.SpringJUnit4ClassRunner.runChild(SpringJUnit4ClassRunner.java:87)
	at org.junit.runners.ParentRunner$3.run(ParentRunner.java:238)
	at org.junit.runners.ParentRunner$1.schedule(ParentRunner.java:63)
	at org.junit.runners.ParentRunner.runChildren(ParentRunner.java:236)
	at org.junit.runners.ParentRunner.access$000(ParentRunner.java:53)
	at org.junit.runners.ParentRunner$2.evaluate(ParentRunner.java:229)
	at org.junit.internal.runners.statements.RunBefores.evaluate(RunBefores.java:26)
	at org.springframework.test.context.junit4.statements.RunBeforeTestClassCallbacks.evaluate(RunBeforeTestClassCallbacks.java:61)
	at org.springframework.test.context.junit4.statements.RunAfterTestClassCallbacks.evaluate(RunAfterTestClassCallbacks.java:71)
	at org.junit.runners.ParentRunner.run(ParentRunner.java:309)
	at org.springframework.test.context.junit4.SpringJUnit4ClassRunner.run(SpringJUnit4ClassRunner.java:176)
	at org.gradle.api.internal.tasks.testing.junit.JUnitTestClassExecuter.runTestClass(JUnitTestClassExecuter.java:86)
	at org.gradle.api.internal.tasks.testing.junit.JUnitTestClassExecuter.execute(JUnitTestClassExecuter.java:49)
	at org.gradle.api.internal.tasks.testing.junit.JUnitTestClassProcessor.processTestClass(JUnitTestClassProcessor.java:64)
	at org.gradle.api.internal.tasks.testing.SuiteTestClassProcessor.processTestClass(SuiteTestClassProcessor.java:50)
	at sun.reflect.NativeMethodAccessorImpl.invoke0(Native Method)
	at sun.reflect.NativeMethodAccessorImpl.invoke(NativeMethodAccessorImpl.java:57)
	at sun.reflect.DelegatingMethodAccessorImpl.invoke(DelegatingMethodAccessorImpl.java:43)
	at java.lang.reflect.Method.invoke(Method.java:606)
	at org.gradle.messaging.dispatch.ReflectionDispatch.dispatch(ReflectionDispatch.java:35)
	at org.gradle.messaging.dispatch.ReflectionDispatch.dispatch(ReflectionDispatch.java:24)
	at org.gradle.messaging.dispatch.ContextClassLoaderDispatch.dispatch(ContextClassLoaderDispatch.java:32)
	at org.gradle.messaging.dispatch.ProxyDispatchAdapter$DispatchingInvocationHandler.invoke(ProxyDispatchAdapter.java:93)
	at com.sun.proxy.$Proxy2.processTestClass(Unknown Source)
	at org.gradle.api.internal.tasks.testing.worker.TestWorker.processTestClass(TestWorker.java:106)
	at sun.reflect.NativeMethodAccessorImpl.invoke0(Native Method)
	at sun.reflect.NativeMethodAccessorImpl.invoke(NativeMethodAccessorImpl.java:57)
	at sun.reflect.DelegatingMethodAccessorImpl.invoke(DelegatingMethodAccessorImpl.java:43)
	at java.lang.reflect.Method.invoke(Method.java:606)
	at org.gradle.messaging.dispatch.ReflectionDispatch.dispatch(ReflectionDispatch.java:35)
	at org.gradle.messaging.dispatch.ReflectionDispatch.dispatch(ReflectionDispatch.java:24)
	at org.gradle.messaging.remote.internal.hub.MessageHub$Handler.run(MessageHub.java:360)
	at org.gradle.internal.concurrent.DefaultExecutorFactory$StoppableExecutorImpl$1.run(DefaultExecutorFactory.java:64)
	at java.util.concurrent.ThreadPoolExecutor.runWorker(ThreadPoolExecutor.java:1145)
	at java.util.concurrent.ThreadPoolExecutor$Worker.run(ThreadPoolExecutor.java:615)
	at java.lang.Thread.run(Thread.java:745)
PasswordAlgo.algoName size must be between 0 and 256
java.lang.SecurityException: PasswordAlgo.algoName size must be between 0 and 256
	at com.athena.server.pluggable.utils.helper.EntityValidatorHelper.validateEntity(EntityValidatorHelper.java:37)
	at com.sales.app.shared.appbasicsetup.usermanagement.PasswordAlgo.isValid(PasswordAlgo.java:196)
	at com.sales.app.server.service.appbasicsetup.usermanagement.PasswordAlgoTestCase.validatePasswordAlgo(PasswordAlgoTestCase.java:183)
	at com.sales.app.server.service.appbasicsetup.usermanagement.PasswordAlgoTestCase.test5NegativeTesting(PasswordAlgoTestCase.java:237)
	at sun.reflect.NativeMethodAccessorImpl.invoke0(Native Method)
	at sun.reflect.NativeMethodAccessorImpl.invoke(NativeMethodAccessorImpl.java:57)
	at sun.reflect.DelegatingMethodAccessorImpl.invoke(DelegatingMethodAccessorImpl.java:43)
	at java.lang.reflect.Method.invoke(Method.java:606)
	at org.junit.runners.model.FrameworkMethod$1.runReflectiveCall(FrameworkMethod.java:47)
	at org.junit.internal.runners.model.ReflectiveCallable.run(ReflectiveCallable.java:12)
	at org.junit.runners.model.FrameworkMethod.invokeExplosively(FrameworkMethod.java:44)
	at org.junit.internal.runners.statements.InvokeMethod.evaluate(InvokeMethod.java:17)
	at org.junit.internal.runners.statements.RunBefores.evaluate(RunBefores.java:26)
	at org.springframework.test.context.junit4.statements.RunBeforeTestMethodCallbacks.evaluate(RunBeforeTestMethodCallbacks.java:74)
	at org.junit.internal.runners.statements.RunAfters.evaluate(RunAfters.java:27)
	at org.springframework.test.context.junit4.statements.RunAfterTestMethodCallbacks.evaluate(RunAfterTestMethodCallbacks.java:83)
	at org.springframework.test.context.junit4.statements.SpringRepeat.evaluate(SpringRepeat.java:72)
	at org.springframework.test.context.junit4.SpringJUnit4ClassRunner.runChild(SpringJUnit4ClassRunner.java:233)
	at org.springframework.test.context.junit4.SpringJUnit4ClassRunner.runChild(SpringJUnit4ClassRunner.java:87)
	at org.junit.runners.ParentRunner$3.run(ParentRunner.java:238)
	at org.junit.runners.ParentRunner$1.schedule(ParentRunner.java:63)
	at org.junit.runners.ParentRunner.runChildren(ParentRunner.java:236)
	at org.junit.runners.ParentRunner.access$000(ParentRunner.java:53)
	at org.junit.runners.ParentRunner$2.evaluate(ParentRunner.java:229)
	at org.junit.internal.runners.statements.RunBefores.evaluate(RunBefores.java:26)
	at org.springframework.test.context.junit4.statements.RunBeforeTestClassCallbacks.evaluate(RunBeforeTestClassCallbacks.java:61)
	at org.springframework.test.context.junit4.statements.RunAfterTestClassCallbacks.evaluate(RunAfterTestClassCallbacks.java:71)
	at org.junit.runners.ParentRunner.run(ParentRunner.java:309)
	at org.springframework.test.context.junit4.SpringJUnit4ClassRunner.run(SpringJUnit4ClassRunner.java:176)
	at org.gradle.api.internal.tasks.testing.junit.JUnitTestClassExecuter.runTestClass(JUnitTestClassExecuter.java:86)
	at org.gradle.api.internal.tasks.testing.junit.JUnitTestClassExecuter.execute(JUnitTestClassExecuter.java:49)
	at org.gradle.api.internal.tasks.testing.junit.JUnitTestClassProcessor.processTestClass(JUnitTestClassProcessor.java:64)
	at org.gradle.api.internal.tasks.testing.SuiteTestClassProcessor.processTestClass(SuiteTestClassProcessor.java:50)
	at sun.reflect.NativeMethodAccessorImpl.invoke0(Native Method)
	at sun.reflect.NativeMethodAccessorImpl.invoke(NativeMethodAccessorImpl.java:57)
	at sun.reflect.DelegatingMethodAccessorImpl.invoke(DelegatingMethodAccessorImpl.java:43)
	at java.lang.reflect.Method.invoke(Method.java:606)
	at org.gradle.messaging.dispatch.ReflectionDispatch.dispatch(ReflectionDispatch.java:35)
	at org.gradle.messaging.dispatch.ReflectionDispatch.dispatch(ReflectionDispatch.java:24)
	at org.gradle.messaging.dispatch.ContextClassLoaderDispatch.dispatch(ContextClassLoaderDispatch.java:32)
	at org.gradle.messaging.dispatch.ProxyDispatchAdapter$DispatchingInvocationHandler.invoke(ProxyDispatchAdapter.java:93)
	at com.sun.proxy.$Proxy2.processTestClass(Unknown Source)
	at org.gradle.api.internal.tasks.testing.worker.TestWorker.processTestClass(TestWorker.java:106)
	at sun.reflect.NativeMethodAccessorImpl.invoke0(Native Method)
	at sun.reflect.NativeMethodAccessorImpl.invoke(NativeMethodAccessorImpl.java:57)
	at sun.reflect.DelegatingMethodAccessorImpl.invoke(DelegatingMethodAccessorImpl.java:43)
	at java.lang.reflect.Method.invoke(Method.java:606)
	at org.gradle.messaging.dispatch.ReflectionDispatch.dispatch(ReflectionDispatch.java:35)
	at org.gradle.messaging.dispatch.ReflectionDispatch.dispatch(ReflectionDispatch.java:24)
	at org.gradle.messaging.remote.internal.hub.MessageHub$Handler.run(MessageHub.java:360)
	at org.gradle.internal.concurrent.DefaultExecutorFactory$StoppableExecutorImpl$1.run(DefaultExecutorFactory.java:64)
	at java.util.concurrent.ThreadPoolExecutor.runWorker(ThreadPoolExecutor.java:1145)
	at java.util.concurrent.ThreadPoolExecutor$Worker.run(ThreadPoolExecutor.java:615)
	at java.lang.Thread.run(Thread.java:745)
PasswordAlgo.algoDescription size must be between 0 and 256
java.lang.SecurityException: PasswordAlgo.algoDescription size must be between 0 and 256
	at com.athena.server.pluggable.utils.helper.EntityValidatorHelper.validateEntity(EntityValidatorHelper.java:37)
	at com.sales.app.shared.appbasicsetup.usermanagement.PasswordAlgo.isValid(PasswordAlgo.java:196)
	at com.sales.app.server.service.appbasicsetup.usermanagement.PasswordAlgoTestCase.validatePasswordAlgo(PasswordAlgoTestCase.java:183)
	at com.sales.app.server.service.appbasicsetup.usermanagement.PasswordAlgoTestCase.test5NegativeTesting(PasswordAlgoTestCase.java:242)
	at sun.reflect.NativeMethodAccessorImpl.invoke0(Native Method)
	at sun.reflect.NativeMethodAccessorImpl.invoke(NativeMethodAccessorImpl.java:57)
	at sun.reflect.DelegatingMethodAccessorImpl.invoke(DelegatingMethodAccessorImpl.java:43)
	at java.lang.reflect.Method.invoke(Method.java:606)
	at org.junit.runners.model.FrameworkMethod$1.runReflectiveCall(FrameworkMethod.java:47)
	at org.junit.internal.runners.model.ReflectiveCallable.run(ReflectiveCallable.java:12)
	at org.junit.runners.model.FrameworkMethod.invokeExplosively(FrameworkMethod.java:44)
	at org.junit.internal.runners.statements.InvokeMethod.evaluate(InvokeMethod.java:17)
	at org.junit.internal.runners.statements.RunBefores.evaluate(RunBefores.java:26)
	at org.springframework.test.context.junit4.statements.RunBeforeTestMethodCallbacks.evaluate(RunBeforeTestMethodCallbacks.java:74)
	at org.junit.internal.runners.statements.RunAfters.evaluate(RunAfters.java:27)
	at org.springframework.test.context.junit4.statements.RunAfterTestMethodCallbacks.evaluate(RunAfterTestMethodCallbacks.java:83)
	at org.springframework.test.context.junit4.statements.SpringRepeat.evaluate(SpringRepeat.java:72)
	at org.springframework.test.context.junit4.SpringJUnit4ClassRunner.runChild(SpringJUnit4ClassRunner.java:233)
	at org.springframework.test.context.junit4.SpringJUnit4ClassRunner.runChild(SpringJUnit4ClassRunner.java:87)
	at org.junit.runners.ParentRunner$3.run(ParentRunner.java:238)
	at org.junit.runners.ParentRunner$1.schedule(ParentRunner.java:63)
	at org.junit.runners.ParentRunner.runChildren(ParentRunner.java:236)
	at org.junit.runners.ParentRunner.access$000(ParentRunner.java:53)
	at org.junit.runners.ParentRunner$2.evaluate(ParentRunner.java:229)
	at org.junit.internal.runners.statements.RunBefores.evaluate(RunBefores.java:26)
	at org.springframework.test.context.junit4.statements.RunBeforeTestClassCallbacks.evaluate(RunBeforeTestClassCallbacks.java:61)
	at org.springframework.test.context.junit4.statements.RunAfterTestClassCallbacks.evaluate(RunAfterTestClassCallbacks.java:71)
	at org.junit.runners.ParentRunner.run(ParentRunner.java:309)
	at org.springframework.test.context.junit4.SpringJUnit4ClassRunner.run(SpringJUnit4ClassRunner.java:176)
	at org.gradle.api.internal.tasks.testing.junit.JUnitTestClassExecuter.runTestClass(JUnitTestClassExecuter.java:86)
	at org.gradle.api.internal.tasks.testing.junit.JUnitTestClassExecuter.execute(JUnitTestClassExecuter.java:49)
	at org.gradle.api.internal.tasks.testing.junit.JUnitTestClassProcessor.processTestClass(JUnitTestClassProcessor.java:64)
	at org.gradle.api.internal.tasks.testing.SuiteTestClassProcessor.processTestClass(SuiteTestClassProcessor.java:50)
	at sun.reflect.NativeMethodAccessorImpl.invoke0(Native Method)
	at sun.reflect.NativeMethodAccessorImpl.invoke(NativeMethodAccessorImpl.java:57)
	at sun.reflect.DelegatingMethodAccessorImpl.invoke(DelegatingMethodAccessorImpl.java:43)
	at java.lang.reflect.Method.invoke(Method.java:606)
	at org.gradle.messaging.dispatch.ReflectionDispatch.dispatch(ReflectionDispatch.java:35)
	at org.gradle.messaging.dispatch.ReflectionDispatch.dispatch(ReflectionDispatch.java:24)
	at org.gradle.messaging.dispatch.ContextClassLoaderDispatch.dispatch(ContextClassLoaderDispatch.java:32)
	at org.gradle.messaging.dispatch.ProxyDispatchAdapter$DispatchingInvocationHandler.invoke(ProxyDispatchAdapter.java:93)
	at com.sun.proxy.$Proxy2.processTestClass(Unknown Source)
	at org.gradle.api.internal.tasks.testing.worker.TestWorker.processTestClass(TestWorker.java:106)
	at sun.reflect.NativeMethodAccessorImpl.invoke0(Native Method)
	at sun.reflect.NativeMethodAccessorImpl.invoke(NativeMethodAccessorImpl.java:57)
	at sun.reflect.DelegatingMethodAccessorImpl.invoke(DelegatingMethodAccessorImpl.java:43)
	at java.lang.reflect.Method.invoke(Method.java:606)
	at org.gradle.messaging.dispatch.ReflectionDispatch.dispatch(ReflectionDispatch.java:35)
	at org.gradle.messaging.dispatch.ReflectionDispatch.dispatch(ReflectionDispatch.java:24)
	at org.gradle.messaging.remote.internal.hub.MessageHub$Handler.run(MessageHub.java:360)
	at org.gradle.internal.concurrent.DefaultExecutorFactory$StoppableExecutorImpl$1.run(DefaultExecutorFactory.java:64)
	at java.util.concurrent.ThreadPoolExecutor.runWorker(ThreadPoolExecutor.java:1145)
	at java.util.concurrent.ThreadPoolExecutor$Worker.run(ThreadPoolExecutor.java:615)
	at java.lang.Thread.run(Thread.java:745)
PasswordAlgo.algoIcon size must be between 0 and 64
java.lang.SecurityException: PasswordAlgo.algoIcon size must be between 0 and 64
	at com.athena.server.pluggable.utils.helper.EntityValidatorHelper.validateEntity(EntityValidatorHelper.java:37)
	at com.sales.app.shared.appbasicsetup.usermanagement.PasswordAlgo.isValid(PasswordAlgo.java:196)
	at com.sales.app.server.service.appbasicsetup.usermanagement.PasswordAlgoTestCase.validatePasswordAlgo(PasswordAlgoTestCase.java:183)
	at com.sales.app.server.service.appbasicsetup.usermanagement.PasswordAlgoTestCase.test5NegativeTesting(PasswordAlgoTestCase.java:247)
	at sun.reflect.NativeMethodAccessorImpl.invoke0(Native Method)
	at sun.reflect.NativeMethodAccessorImpl.invoke(NativeMethodAccessorImpl.java:57)
	at sun.reflect.DelegatingMethodAccessorImpl.invoke(DelegatingMethodAccessorImpl.java:43)
	at java.lang.reflect.Method.invoke(Method.java:606)
	at org.junit.runners.model.FrameworkMethod$1.runReflectiveCall(FrameworkMethod.java:47)
	at org.junit.internal.runners.model.ReflectiveCallable.run(ReflectiveCallable.java:12)
	at org.junit.runners.model.FrameworkMethod.invokeExplosively(FrameworkMethod.java:44)
	at org.junit.internal.runners.statements.InvokeMethod.evaluate(InvokeMethod.java:17)
	at org.junit.internal.runners.statements.RunBefores.evaluate(RunBefores.java:26)
	at org.springframework.test.context.junit4.statements.RunBeforeTestMethodCallbacks.evaluate(RunBeforeTestMethodCallbacks.java:74)
	at org.junit.internal.runners.statements.RunAfters.evaluate(RunAfters.java:27)
	at org.springframework.test.context.junit4.statements.RunAfterTestMethodCallbacks.evaluate(RunAfterTestMethodCallbacks.java:83)
	at org.springframework.test.context.junit4.statements.SpringRepeat.evaluate(SpringRepeat.java:72)
	at org.springframework.test.context.junit4.SpringJUnit4ClassRunner.runChild(SpringJUnit4ClassRunner.java:233)
	at org.springframework.test.context.junit4.SpringJUnit4ClassRunner.runChild(SpringJUnit4ClassRunner.java:87)
	at org.junit.runners.ParentRunner$3.run(ParentRunner.java:238)
	at org.junit.runners.ParentRunner$1.schedule(ParentRunner.java:63)
	at org.junit.runners.ParentRunner.runChildren(ParentRunner.java:236)
	at org.junit.runners.ParentRunner.access$000(ParentRunner.java:53)
	at org.junit.runners.ParentRunner$2.evaluate(ParentRunner.java:229)
	at org.junit.internal.runners.statements.RunBefores.evaluate(RunBefores.java:26)
	at org.springframework.test.context.junit4.statements.RunBeforeTestClassCallbacks.evaluate(RunBeforeTestClassCallbacks.java:61)
	at org.springframework.test.context.junit4.statements.RunAfterTestClassCallbacks.evaluate(RunAfterTestClassCallbacks.java:71)
	at org.junit.runners.ParentRunner.run(ParentRunner.java:309)
	at org.springframework.test.context.junit4.SpringJUnit4ClassRunner.run(SpringJUnit4ClassRunner.java:176)
	at org.gradle.api.internal.tasks.testing.junit.JUnitTestClassExecuter.runTestClass(JUnitTestClassExecuter.java:86)
	at org.gradle.api.internal.tasks.testing.junit.JUnitTestClassExecuter.execute(JUnitTestClassExecuter.java:49)
	at org.gradle.api.internal.tasks.testing.junit.JUnitTestClassProcessor.processTestClass(JUnitTestClassProcessor.java:64)
	at org.gradle.api.internal.tasks.testing.SuiteTestClassProcessor.processTestClass(SuiteTestClassProcessor.java:50)
	at sun.reflect.NativeMethodAccessorImpl.invoke0(Native Method)
	at sun.reflect.NativeMethodAccessorImpl.invoke(NativeMethodAccessorImpl.java:57)
	at sun.reflect.DelegatingMethodAccessorImpl.invoke(DelegatingMethodAccessorImpl.java:43)
	at java.lang.reflect.Method.invoke(Method.java:606)
	at org.gradle.messaging.dispatch.ReflectionDispatch.dispatch(ReflectionDispatch.java:35)
	at org.gradle.messaging.dispatch.ReflectionDispatch.dispatch(ReflectionDispatch.java:24)
	at org.gradle.messaging.dispatch.ContextClassLoaderDispatch.dispatch(ContextClassLoaderDispatch.java:32)
	at org.gradle.messaging.dispatch.ProxyDispatchAdapter$DispatchingInvocationHandler.invoke(ProxyDispatchAdapter.java:93)
	at com.sun.proxy.$Proxy2.processTestClass(Unknown Source)
	at org.gradle.api.internal.tasks.testing.worker.TestWorker.processTestClass(TestWorker.java:106)
	at sun.reflect.NativeMethodAccessorImpl.invoke0(Native Method)
	at sun.reflect.NativeMethodAccessorImpl.invoke(NativeMethodAccessorImpl.java:57)
	at sun.reflect.DelegatingMethodAccessorImpl.invoke(DelegatingMethodAccessorImpl.java:43)
	at java.lang.reflect.Method.invoke(Method.java:606)
	at org.gradle.messaging.dispatch.ReflectionDispatch.dispatch(ReflectionDispatch.java:35)
	at org.gradle.messaging.dispatch.ReflectionDispatch.dispatch(ReflectionDispatch.java:24)
	at org.gradle.messaging.remote.internal.hub.MessageHub$Handler.run(MessageHub.java:360)
	at org.gradle.internal.concurrent.DefaultExecutorFactory$StoppableExecutorImpl$1.run(DefaultExecutorFactory.java:64)
	at java.util.concurrent.ThreadPoolExecutor.runWorker(ThreadPoolExecutor.java:1145)
	at java.util.concurrent.ThreadPoolExecutor$Worker.run(ThreadPoolExecutor.java:615)
	at java.lang.Thread.run(Thread.java:745)
PasswordAlgo.algoHelp size must be between 0 and 256
java.lang.SecurityException: PasswordAlgo.algoHelp size must be between 0 and 256
	at com.athena.server.pluggable.utils.helper.EntityValidatorHelper.validateEntity(EntityValidatorHelper.java:37)
	at com.sales.app.shared.appbasicsetup.usermanagement.PasswordAlgo.isValid(PasswordAlgo.java:196)
	at com.sales.app.server.service.appbasicsetup.usermanagement.PasswordAlgoTestCase.validatePasswordAlgo(PasswordAlgoTestCase.java:183)
	at com.sales.app.server.service.appbasicsetup.usermanagement.PasswordAlgoTestCase.test5NegativeTesting(PasswordAlgoTestCase.java:252)
	at sun.reflect.NativeMethodAccessorImpl.invoke0(Native Method)
	at sun.reflect.NativeMethodAccessorImpl.invoke(NativeMethodAccessorImpl.java:57)
	at sun.reflect.DelegatingMethodAccessorImpl.invoke(DelegatingMethodAccessorImpl.java:43)
	at java.lang.reflect.Method.invoke(Method.java:606)
	at org.junit.runners.model.FrameworkMethod$1.runReflectiveCall(FrameworkMethod.java:47)
	at org.junit.internal.runners.model.ReflectiveCallable.run(ReflectiveCallable.java:12)
	at org.junit.runners.model.FrameworkMethod.invokeExplosively(FrameworkMethod.java:44)
	at org.junit.internal.runners.statements.InvokeMethod.evaluate(InvokeMethod.java:17)
	at org.junit.internal.runners.statements.RunBefores.evaluate(RunBefores.java:26)
	at org.springframework.test.context.junit4.statements.RunBeforeTestMethodCallbacks.evaluate(RunBeforeTestMethodCallbacks.java:74)
	at org.junit.internal.runners.statements.RunAfters.evaluate(RunAfters.java:27)
	at org.springframework.test.context.junit4.statements.RunAfterTestMethodCallbacks.evaluate(RunAfterTestMethodCallbacks.java:83)
	at org.springframework.test.context.junit4.statements.SpringRepeat.evaluate(SpringRepeat.java:72)
	at org.springframework.test.context.junit4.SpringJUnit4ClassRunner.runChild(SpringJUnit4ClassRunner.java:233)
	at org.springframework.test.context.junit4.SpringJUnit4ClassRunner.runChild(SpringJUnit4ClassRunner.java:87)
	at org.junit.runners.ParentRunner$3.run(ParentRunner.java:238)
	at org.junit.runners.ParentRunner$1.schedule(ParentRunner.java:63)
	at org.junit.runners.ParentRunner.runChildren(ParentRunner.java:236)
	at org.junit.runners.ParentRunner.access$000(ParentRunner.java:53)
	at org.junit.runners.ParentRunner$2.evaluate(ParentRunner.java:229)
	at org.junit.internal.runners.statements.RunBefores.evaluate(RunBefores.java:26)
	at org.springframework.test.context.junit4.statements.RunBeforeTestClassCallbacks.evaluate(RunBeforeTestClassCallbacks.java:61)
	at org.springframework.test.context.junit4.statements.RunAfterTestClassCallbacks.evaluate(RunAfterTestClassCallbacks.java:71)
	at org.junit.runners.ParentRunner.run(ParentRunner.java:309)
	at org.springframework.test.context.junit4.SpringJUnit4ClassRunner.run(SpringJUnit4ClassRunner.java:176)
	at org.gradle.api.internal.tasks.testing.junit.JUnitTestClassExecuter.runTestClass(JUnitTestClassExecuter.java:86)
	at org.gradle.api.internal.tasks.testing.junit.JUnitTestClassExecuter.execute(JUnitTestClassExecuter.java:49)
	at org.gradle.api.internal.tasks.testing.junit.JUnitTestClassProcessor.processTestClass(JUnitTestClassProcessor.java:64)
	at org.gradle.api.internal.tasks.testing.SuiteTestClassProcessor.processTestClass(SuiteTestClassProcessor.java:50)
	at sun.reflect.NativeMethodAccessorImpl.invoke0(Native Method)
	at sun.reflect.NativeMethodAccessorImpl.invoke(NativeMethodAccessorImpl.java:57)
	at sun.reflect.DelegatingMethodAccessorImpl.invoke(DelegatingMethodAccessorImpl.java:43)
	at java.lang.reflect.Method.invoke(Method.java:606)
	at org.gradle.messaging.dispatch.ReflectionDispatch.dispatch(ReflectionDispatch.java:35)
	at org.gradle.messaging.dispatch.ReflectionDispatch.dispatch(ReflectionDispatch.java:24)
	at org.gradle.messaging.dispatch.ContextClassLoaderDispatch.dispatch(ContextClassLoaderDispatch.java:32)
	at org.gradle.messaging.dispatch.ProxyDispatchAdapter$DispatchingInvocationHandler.invoke(ProxyDispatchAdapter.java:93)
	at com.sun.proxy.$Proxy2.processTestClass(Unknown Source)
	at org.gradle.api.internal.tasks.testing.worker.TestWorker.processTestClass(TestWorker.java:106)
	at sun.reflect.NativeMethodAccessorImpl.invoke0(Native Method)
	at sun.reflect.NativeMethodAccessorImpl.invoke(NativeMethodAccessorImpl.java:57)
	at sun.reflect.DelegatingMethodAccessorImpl.invoke(DelegatingMethodAccessorImpl.java:43)
	at java.lang.reflect.Method.invoke(Method.java:606)
	at org.gradle.messaging.dispatch.ReflectionDispatch.dispatch(ReflectionDispatch.java:35)
	at org.gradle.messaging.dispatch.ReflectionDispatch.dispatch(ReflectionDispatch.java:24)
	at org.gradle.messaging.remote.internal.hub.MessageHub$Handler.run(MessageHub.java:360)
	at org.gradle.internal.concurrent.DefaultExecutorFactory$StoppableExecutorImpl$1.run(DefaultExecutorFactory.java:64)
	at java.util.concurrent.ThreadPoolExecutor.runWorker(ThreadPoolExecutor.java:1145)
	at java.util.concurrent.ThreadPoolExecutor$Worker.run(ThreadPoolExecutor.java:615)
	at java.lang.Thread.run(Thread.java:745)
]]></system-err>
</testsuite>
